<?xml version="1.0" encoding="UTF-8"?>
<!-- Generated by org.testng.reporters.JUnitReportReporter -->
<testsuite hostname="LAPTOP-J0TR5B44" failures="0" tests="1" name="testCases.TC001_AccountRegistrationTest" time="2.210" errors="0" timestamp="2025-08-23T11:51:12 IST" skipped="0">
  <testcase classname="testCases.TC001_AccountRegistrationTest" name="verify_account_registration" time="2.210"/>
</testsuite> <!-- testCases.TC001_AccountRegistrationTest -->
